<?xml version="1.0" encoding="UTF-8"?>
<testng-results ignored="0" total="2" passed="2" failed="0" skipped="0">
  <reporter-output>
  </reporter-output>
  <suite started-at="2023-01-23T19:28:49 BDT" name="Default suite" finished-at="2023-01-23T19:29:02 BDT" duration-ms="12915">
    <groups>
    </groups>
    <test started-at="2023-01-23T19:28:49 BDT" name="Default test" finished-at="2023-01-23T19:29:02 BDT" duration-ms="12915">
      <class name="seleniumAuto.AlertJs">
        <test-method is-config="true" signature="start()[pri:0, instance:seleniumAuto.AlertJs@5c80cf32]" started-at="2023-01-23T19:28:46 BDT" name="start" finished-at="2023-01-23T19:28:49 BDT" duration-ms="3753" status="PASS">
          <reporter-output>
          </reporter-output>
        </test-method> <!-- start -->
        <test-method signature="alertWebsite()[pri:0, instance:seleniumAuto.AlertJs@5c80cf32]" started-at="2023-01-23T19:28:50 BDT" name="alertWebsite" finished-at="2023-01-23T19:28:57 BDT" duration-ms="7557" status="PASS">
          <reporter-output>
          </reporter-output>
        </test-method> <!-- alertWebsite -->
        <test-method signature="altertJs()[pri:1, instance:seleniumAuto.AlertJs@5c80cf32]" started-at="2023-01-23T19:28:57 BDT" name="altertJs" finished-at="2023-01-23T19:29:02 BDT" duration-ms="5154" status="PASS">
          <reporter-output>
          </reporter-output>
        </test-method> <!-- altertJs -->
      </class> <!-- seleniumAuto.AlertJs -->
    </test> <!-- Default test -->
  </suite> <!-- Default suite -->
</testng-results>
